<?xml version="1.0" encoding="UTF-8"?>
<testng-results ignored="0" total="1" passed="1" failed="0" skipped="0">
  <reporter-output>
  </reporter-output>
  <suite started-at="2024-10-24T00:27:21 BST" name="Suite" finished-at="2024-10-24T00:27:26 BST" duration-ms="5833">
    <groups>
    </groups>
    <test started-at="2024-10-24T00:27:21 BST" name="Test" finished-at="2024-10-24T00:27:26 BST" duration-ms="5833">
      <class name="testCases.FileUpload2">
        <test-method is-config="true" signature="setup()[pri:0, instance:testCases.FileUpload2@247310d0]" started-at="2024-10-24T00:27:21 BST" name="setup" finished-at="2024-10-24T00:27:26 BST" duration-ms="5023" status="PASS">
          <reporter-output>
          </reporter-output>
        </test-method> <!-- setup -->
        <test-method signature="fileUploadTest()[pri:0, instance:testCases.FileUpload2@247310d0]" started-at="2024-10-24T00:27:26 BST" name="fileUploadTest" finished-at="2024-10-24T00:27:26 BST" duration-ms="745" status="PASS">
          <reporter-output>
          </reporter-output>
        </test-method> <!-- fileUploadTest -->
        <test-method is-config="true" signature="tearDown()[pri:0, instance:testCases.FileUpload2@247310d0]" started-at="2024-10-24T00:27:26 BST" name="tearDown" finished-at="2024-10-24T00:27:26 BST" duration-ms="1" status="PASS">
          <reporter-output>
          </reporter-output>
        </test-method> <!-- tearDown -->
      </class> <!-- testCases.FileUpload2 -->
    </test> <!-- Test -->
  </suite> <!-- Suite -->
</testng-results>
